The system is: Linux - 3.13.0-32-generic - i686
Compiling the C compiler identification source file "CMakeCCompilerId.c" succeeded.
Compiler: /usr/bin/cc 
Build flags: 
Id flags: 

The output was:
0


Compilation of the C compiler identification source "CMakeCCompilerId.c" produced "a.out"

The C compiler identification is GNU, found in "/media/sf_vms-shared/workspace/libwebsockets-1.3-chrome37-firefox30/object/CMakeFiles/2.8.12.2/CompilerIdC/a.out"

Compiling the CXX compiler identification source file "CMakeCXXCompilerId.cpp" succeeded.
Compiler: /usr/bin/c++ 
Build flags: 
Id flags: 

The output was:
0


Compilation of the CXX compiler identification source "CMakeCXXCompilerId.cpp" produced "a.out"

The CXX compiler identification is GNU, found in "/media/sf_vms-shared/workspace/libwebsockets-1.3-chrome37-firefox30/object/CMakeFiles/2.8.12.2/CompilerIdCXX/a.out"

Determining if the C compiler works passed with the following output:
Change Dir: /media/sf_vms-shared/workspace/libwebsockets-1.3-chrome37-firefox30/object/CMakeFiles/CMakeTmp

Run Build Command:/usr/bin/make "cmTryCompileExec3314535933/fast"
/usr/bin/make -f CMakeFiles/cmTryCompileExec3314535933.dir/build.make CMakeFiles/cmTryCompileExec3314535933.dir/build
make[1]: Entering directory `/media/sf_vms-shared/workspace/libwebsockets-1.3-chrome37-firefox30/object/CMakeFiles/CMakeTmp'
/usr/bin/cmake -E cmake_progress_report /media/sf_vms-shared/workspace/libwebsockets-1.3-chrome37-firefox30/object/CMakeFiles/CMakeTmp/CMakeFiles 1
Building C object CMakeFiles/cmTryCompileExec3314535933.dir/testCCompiler.c.o
/usr/bin/cc    -o CMakeFiles/cmTryCompileExec3314535933.dir/testCCompiler.c.o   -c /media/sf_vms-shared/workspace/libwebsockets-1.3-chrome37-firefox30/object/CMakeFiles/CMakeTmp/testCCompiler.c
Linking C executable cmTryCompileExec3314535933
/usr/bin/cmake -E cmake_link_script CMakeFiles/cmTryCompileExec3314535933.dir/link.txt --verbose=1
/usr/bin/cc       CMakeFiles/cmTryCompileExec3314535933.dir/testCCompiler.c.o  -o cmTryCompileExec3314535933 -rdynamic 
make[1]: Leaving directory `/media/sf_vms-shared/workspace/libwebsockets-1.3-chrome37-firefox30/object/CMakeFiles/CMakeTmp'


Detecting C compiler ABI info compiled with the following output:
Change Dir: /media/sf_vms-shared/workspace/libwebsockets-1.3-chrome37-firefox30/object/CMakeFiles/CMakeTmp

Run Build Command:/usr/bin/make "cmTryCompileExec3036582282/fast"
/usr/bin/make -f CMakeFiles/cmTryCompileExec3036582282.dir/build.make CMakeFiles/cmTryCompileExec3036582282.dir/build
make[1]: Entering directory `/media/sf_vms-shared/workspace/libwebsockets-1.3-chrome37-firefox30/object/CMakeFiles/CMakeTmp'
/usr/bin/cmake -E cmake_progress_report /media/sf_vms-shared/workspace/libwebsockets-1.3-chrome37-firefox30/object/CMakeFiles/CMakeTmp/CMakeFiles 1
Building C object CMakeFiles/cmTryCompileExec3036582282.dir/CMakeCCompilerABI.c.o
/usr/bin/cc    -o CMakeFiles/cmTryCompileExec3036582282.dir/CMakeCCompilerABI.c.o   -c /usr/share/cmake-2.8/Modules/CMakeCCompilerABI.c
Linking C executable cmTryCompileExec3036582282
/usr/bin/cmake -E cmake_link_script CMakeFiles/cmTryCompileExec3036582282.dir/link.txt --verbose=1
/usr/bin/cc     -v CMakeFiles/cmTryCompileExec3036582282.dir/CMakeCCompilerABI.c.o  -o cmTryCompileExec3036582282 -rdynamic  
Using built-in specs.
COLLECT_GCC=/usr/bin/cc
COLLECT_LTO_WRAPPER=/usr/lib/gcc/i686-linux-gnu/4.8/lto-wrapper
Target: i686-linux-gnu
Configured with: ../src/configure -v --with-pkgversion='Ubuntu 4.8.2-19ubuntu1' --with-bugurl=file:///usr/share/doc/gcc-4.8/README.Bugs --enable-languages=c,c++,java,go,d,fortran,objc,obj-c++ --prefix=/usr --program-suffix=-4.8 --enable-shared --enable-linker-build-id --libexecdir=/usr/lib --without-included-gettext --enable-threads=posix --with-gxx-include-dir=/usr/include/c++/4.8 --libdir=/usr/lib --enable-nls --with-sysroot=/ --enable-clocale=gnu --enable-libstdcxx-debug --enable-libstdcxx-time=yes --enable-gnu-unique-object --disable-libmudflap --enable-plugin --with-system-zlib --disable-browser-plugin --enable-java-awt=gtk --enable-gtk-cairo --with-java-home=/usr/lib/jvm/java-1.5.0-gcj-4.8-i386/jre --enable-java-home --with-jvm-root-dir=/usr/lib/jvm/java-1.5.0-gcj-4.8-i386 --with-jvm-jar-dir=/usr/lib/jvm-exports/java-1.5.0-gcj-4.8-i386 --with-arch-directory=i386 --with-ecj-jar=/usr/share/java/eclipse-ecj.jar --enable-objc-gc --enable-targets=all --enable-multiarch --disable-werror --with-arch-32=i686 --with-multilib-list=m32,m64,mx32 --with-tune=generic --enable-checking=release --build=i686-linux-gnu --host=i686-linux-gnu --target=i686-linux-gnu
Thread model: posix
gcc version 4.8.2 (Ubuntu 4.8.2-19ubuntu1) 
COMPILER_PATH=/usr/lib/gcc/i686-linux-gnu/4.8/:/usr/lib/gcc/i686-linux-gnu/4.8/:/usr/lib/gcc/i686-linux-gnu/:/usr/lib/gcc/i686-linux-gnu/4.8/:/usr/lib/gcc/i686-linux-gnu/
LIBRARY_PATH=/usr/lib/gcc/i686-linux-gnu/4.8/:/usr/lib/gcc/i686-linux-gnu/4.8/../../../i386-linux-gnu/:/usr/lib/gcc/i686-linux-gnu/4.8/../../../../lib/:/lib/i386-linux-gnu/:/lib/../lib/:/usr/lib/i386-linux-gnu/:/usr/lib/../lib/:/usr/lib/gcc/i686-linux-gnu/4.8/../../../:/lib/:/usr/lib/
COLLECT_GCC_OPTIONS='-v' '-o' 'cmTryCompileExec3036582282' '-rdynamic' '-mtune=generic' '-march=i686'
 /usr/lib/gcc/i686-linux-gnu/4.8/collect2 --sysroot=/ --build-id --eh-frame-hdr -m elf_i386 --hash-style=gnu --as-needed -export-dynamic -dynamic-linker /lib/ld-linux.so.2 -z relro -o cmTryCompileExec3036582282 /usr/lib/gcc/i686-linux-gnu/4.8/../../../i386-linux-gnu/crt1.o /usr/lib/gcc/i686-linux-gnu/4.8/../../../i386-linux-gnu/crti.o /usr/lib/gcc/i686-linux-gnu/4.8/crtbegin.o -L/usr/lib/gcc/i686-linux-gnu/4.8 -L/usr/lib/gcc/i686-linux-gnu/4.8/../../../i386-linux-gnu -L/usr/lib/gcc/i686-linux-gnu/4.8/../../../../lib -L/lib/i386-linux-gnu -L/lib/../lib -L/usr/lib/i386-linux-gnu -L/usr/lib/../lib -L/usr/lib/gcc/i686-linux-gnu/4.8/../../.. CMakeFiles/cmTryCompileExec3036582282.dir/CMakeCCompilerABI.c.o -lgcc --as-needed -lgcc_s --no-as-needed -lc -lgcc --as-needed -lgcc_s --no-as-needed /usr/lib/gcc/i686-linux-gnu/4.8/crtend.o /usr/lib/gcc/i686-linux-gnu/4.8/../../../i386-linux-gnu/crtn.o
make[1]: Leaving directory `/media/sf_vms-shared/workspace/libwebsockets-1.3-chrome37-firefox30/object/CMakeFiles/CMakeTmp'


Parsed C implicit link information from above output:
  link line regex: [^( *|.*[/\])(ld|([^/\]+-)?ld|collect2)[^/\]*( |$)]
  ignore line: [Change Dir: /media/sf_vms-shared/workspace/libwebsockets-1.3-chrome37-firefox30/object/CMakeFiles/CMakeTmp]
  ignore line: []
  ignore line: [Run Build Command:/usr/bin/make "cmTryCompileExec3036582282/fast"]
  ignore line: [/usr/bin/make -f CMakeFiles/cmTryCompileExec3036582282.dir/build.make CMakeFiles/cmTryCompileExec3036582282.dir/build]
  ignore line: [make[1]: Entering directory `/media/sf_vms-shared/workspace/libwebsockets-1.3-chrome37-firefox30/object/CMakeFiles/CMakeTmp']
  ignore line: [/usr/bin/cmake -E cmake_progress_report /media/sf_vms-shared/workspace/libwebsockets-1.3-chrome37-firefox30/object/CMakeFiles/CMakeTmp/CMakeFiles 1]
  ignore line: [Building C object CMakeFiles/cmTryCompileExec3036582282.dir/CMakeCCompilerABI.c.o]
  ignore line: [/usr/bin/cc    -o CMakeFiles/cmTryCompileExec3036582282.dir/CMakeCCompilerABI.c.o   -c /usr/share/cmake-2.8/Modules/CMakeCCompilerABI.c]
  ignore line: [Linking C executable cmTryCompileExec3036582282]
  ignore line: [/usr/bin/cmake -E cmake_link_script CMakeFiles/cmTryCompileExec3036582282.dir/link.txt --verbose=1]
  ignore line: [/usr/bin/cc     -v CMakeFiles/cmTryCompileExec3036582282.dir/CMakeCCompilerABI.c.o  -o cmTryCompileExec3036582282 -rdynamic  ]
  ignore line: [Using built-in specs.]
  ignore line: [COLLECT_GCC=/usr/bin/cc]
  ignore line: [COLLECT_LTO_WRAPPER=/usr/lib/gcc/i686-linux-gnu/4.8/lto-wrapper]
  ignore line: [Target: i686-linux-gnu]
  ignore line: [Configured with: ../src/configure -v --with-pkgversion='Ubuntu 4.8.2-19ubuntu1' --with-bugurl=file:///usr/share/doc/gcc-4.8/README.Bugs --enable-languages=c,c++,java,go,d,fortran,objc,obj-c++ --prefix=/usr --program-suffix=-4.8 --enable-shared --enable-linker-build-id --libexecdir=/usr/lib --without-included-gettext --enable-threads=posix --with-gxx-include-dir=/usr/include/c++/4.8 --libdir=/usr/lib --enable-nls --with-sysroot=/ --enable-clocale=gnu --enable-libstdcxx-debug --enable-libstdcxx-time=yes --enable-gnu-unique-object --disable-libmudflap --enable-plugin --with-system-zlib --disable-browser-plugin --enable-java-awt=gtk --enable-gtk-cairo --with-java-home=/usr/lib/jvm/java-1.5.0-gcj-4.8-i386/jre --enable-java-home --with-jvm-root-dir=/usr/lib/jvm/java-1.5.0-gcj-4.8-i386 --with-jvm-jar-dir=/usr/lib/jvm-exports/java-1.5.0-gcj-4.8-i386 --with-arch-directory=i386 --with-ecj-jar=/usr/share/java/eclipse-ecj.jar --enable-objc-gc --enable-targets=all --enable-multiarch --disable-werror --with-arch-32=i686 --with-multilib-list=m32,m64,mx32 --with-tune=generic --enable-checking=release --build=i686-linux-gnu --host=i686-linux-gnu --target=i686-linux-gnu]
  ignore line: [Thread model: posix]
  ignore line: [gcc version 4.8.2 (Ubuntu 4.8.2-19ubuntu1) ]
  ignore line: [COMPILER_PATH=/usr/lib/gcc/i686-linux-gnu/4.8/:/usr/lib/gcc/i686-linux-gnu/4.8/:/usr/lib/gcc/i686-linux-gnu/:/usr/lib/gcc/i686-linux-gnu/4.8/:/usr/lib/gcc/i686-linux-gnu/]
  ignore line: [LIBRARY_PATH=/usr/lib/gcc/i686-linux-gnu/4.8/:/usr/lib/gcc/i686-linux-gnu/4.8/../../../i386-linux-gnu/:/usr/lib/gcc/i686-linux-gnu/4.8/../../../../lib/:/lib/i386-linux-gnu/:/lib/../lib/:/usr/lib/i386-linux-gnu/:/usr/lib/../lib/:/usr/lib/gcc/i686-linux-gnu/4.8/../../../:/lib/:/usr/lib/]
  ignore line: [COLLECT_GCC_OPTIONS='-v' '-o' 'cmTryCompileExec3036582282' '-rdynamic' '-mtune=generic' '-march=i686']
  link line: [ /usr/lib/gcc/i686-linux-gnu/4.8/collect2 --sysroot=/ --build-id --eh-frame-hdr -m elf_i386 --hash-style=gnu --as-needed -export-dynamic -dynamic-linker /lib/ld-linux.so.2 -z relro -o cmTryCompileExec3036582282 /usr/lib/gcc/i686-linux-gnu/4.8/../../../i386-linux-gnu/crt1.o /usr/lib/gcc/i686-linux-gnu/4.8/../../../i386-linux-gnu/crti.o /usr/lib/gcc/i686-linux-gnu/4.8/crtbegin.o -L/usr/lib/gcc/i686-linux-gnu/4.8 -L/usr/lib/gcc/i686-linux-gnu/4.8/../../../i386-linux-gnu -L/usr/lib/gcc/i686-linux-gnu/4.8/../../../../lib -L/lib/i386-linux-gnu -L/lib/../lib -L/usr/lib/i386-linux-gnu -L/usr/lib/../lib -L/usr/lib/gcc/i686-linux-gnu/4.8/../../.. CMakeFiles/cmTryCompileExec3036582282.dir/CMakeCCompilerABI.c.o -lgcc --as-needed -lgcc_s --no-as-needed -lc -lgcc --as-needed -lgcc_s --no-as-needed /usr/lib/gcc/i686-linux-gnu/4.8/crtend.o /usr/lib/gcc/i686-linux-gnu/4.8/../../../i386-linux-gnu/crtn.o]
    arg [/usr/lib/gcc/i686-linux-gnu/4.8/collect2] ==> ignore
    arg [--sysroot=/] ==> ignore
    arg [--build-id] ==> ignore
    arg [--eh-frame-hdr] ==> ignore
    arg [-m] ==> ignore
    arg [elf_i386] ==> ignore
    arg [--hash-style=gnu] ==> ignore
    arg [--as-needed] ==> ignore
    arg [-export-dynamic] ==> ignore
    arg [-dynamic-linker] ==> ignore
    arg [/lib/ld-linux.so.2] ==> ignore
    arg [-zrelro] ==> ignore
    arg [-o] ==> ignore
    arg [cmTryCompileExec3036582282] ==> ignore
    arg [/usr/lib/gcc/i686-linux-gnu/4.8/../../../i386-linux-gnu/crt1.o] ==> ignore
    arg [/usr/lib/gcc/i686-linux-gnu/4.8/../../../i386-linux-gnu/crti.o] ==> ignore
    arg [/usr/lib/gcc/i686-linux-gnu/4.8/crtbegin.o] ==> ignore
    arg [-L/usr/lib/gcc/i686-linux-gnu/4.8] ==> dir [/usr/lib/gcc/i686-linux-gnu/4.8]
    arg [-L/usr/lib/gcc/i686-linux-gnu/4.8/../../../i386-linux-gnu] ==> dir [/usr/lib/gcc/i686-linux-gnu/4.8/../../../i386-linux-gnu]
    arg [-L/usr/lib/gcc/i686-linux-gnu/4.8/../../../../lib] ==> dir [/usr/lib/gcc/i686-linux-gnu/4.8/../../../../lib]
    arg [-L/lib/i386-linux-gnu] ==> dir [/lib/i386-linux-gnu]
    arg [-L/lib/../lib] ==> dir [/lib/../lib]
    arg [-L/usr/lib/i386-linux-gnu] ==> dir [/usr/lib/i386-linux-gnu]
    arg [-L/usr/lib/../lib] ==> dir [/usr/lib/../lib]
    arg [-L/usr/lib/gcc/i686-linux-gnu/4.8/../../..] ==> dir [/usr/lib/gcc/i686-linux-gnu/4.8/../../..]
    arg [CMakeFiles/cmTryCompileExec3036582282.dir/CMakeCCompilerABI.c.o] ==> ignore
    arg [-lgcc] ==> lib [gcc]
    arg [--as-needed] ==> ignore
    arg [-lgcc_s] ==> lib [gcc_s]
    arg [--no-as-needed] ==> ignore
    arg [-lc] ==> lib [c]
    arg [-lgcc] ==> lib [gcc]
    arg [--as-needed] ==> ignore
    arg [-lgcc_s] ==> lib [gcc_s]
    arg [--no-as-needed] ==> ignore
    arg [/usr/lib/gcc/i686-linux-gnu/4.8/crtend.o] ==> ignore
    arg [/usr/lib/gcc/i686-linux-gnu/4.8/../../../i386-linux-gnu/crtn.o] ==> ignore
  remove lib [gcc]
  remove lib [gcc_s]
  remove lib [gcc]
  remove lib [gcc_s]
  collapse library dir [/usr/lib/gcc/i686-linux-gnu/4.8] ==> [/usr/lib/gcc/i686-linux-gnu/4.8]
  collapse library dir [/usr/lib/gcc/i686-linux-gnu/4.8/../../../i386-linux-gnu] ==> [/usr/lib/i386-linux-gnu]
  collapse library dir [/usr/lib/gcc/i686-linux-gnu/4.8/../../../../lib] ==> [/usr/lib]
  collapse library dir [/lib/i386-linux-gnu] ==> [/lib/i386-linux-gnu]
  collapse library dir [/lib/../lib] ==> [/lib]
  collapse library dir [/usr/lib/i386-linux-gnu] ==> [/usr/lib/i386-linux-gnu]
  collapse library dir [/usr/lib/../lib] ==> [/usr/lib]
  collapse library dir [/usr/lib/gcc/i686-linux-gnu/4.8/../../..] ==> [/usr/lib]
  implicit libs: [c]
  implicit dirs: [/usr/lib/gcc/i686-linux-gnu/4.8;/usr/lib/i386-linux-gnu;/usr/lib;/lib/i386-linux-gnu;/lib]
  implicit fwks: []


Determining if the CXX compiler works passed with the following output:
Change Dir: /media/sf_vms-shared/workspace/libwebsockets-1.3-chrome37-firefox30/object/CMakeFiles/CMakeTmp

Run Build Command:/usr/bin/make "cmTryCompileExec2800049297/fast"
/usr/bin/make -f CMakeFiles/cmTryCompileExec2800049297.dir/build.make CMakeFiles/cmTryCompileExec2800049297.dir/build
make[1]: Entering directory `/media/sf_vms-shared/workspace/libwebsockets-1.3-chrome37-firefox30/object/CMakeFiles/CMakeTmp'
/usr/bin/cmake -E cmake_progress_report /media/sf_vms-shared/workspace/libwebsockets-1.3-chrome37-firefox30/object/CMakeFiles/CMakeTmp/CMakeFiles 1
Building CXX object CMakeFiles/cmTryCompileExec2800049297.dir/testCXXCompiler.cxx.o
/usr/bin/c++     -o CMakeFiles/cmTryCompileExec2800049297.dir/testCXXCompiler.cxx.o -c /media/sf_vms-shared/workspace/libwebsockets-1.3-chrome37-firefox30/object/CMakeFiles/CMakeTmp/testCXXCompiler.cxx
Linking CXX executable cmTryCompileExec2800049297
/usr/bin/cmake -E cmake_link_script CMakeFiles/cmTryCompileExec2800049297.dir/link.txt --verbose=1
/usr/bin/c++        CMakeFiles/cmTryCompileExec2800049297.dir/testCXXCompiler.cxx.o  -o cmTryCompileExec2800049297 -rdynamic 
make[1]: Leaving directory `/media/sf_vms-shared/workspace/libwebsockets-1.3-chrome37-firefox30/object/CMakeFiles/CMakeTmp'


Detecting CXX compiler ABI info compiled with the following output:
Change Dir: /media/sf_vms-shared/workspace/libwebsockets-1.3-chrome37-firefox30/object/CMakeFiles/CMakeTmp

Run Build Command:/usr/bin/make "cmTryCompileExec1377179532/fast"
/usr/bin/make -f CMakeFiles/cmTryCompileExec1377179532.dir/build.make CMakeFiles/cmTryCompileExec1377179532.dir/build
make[1]: Entering directory `/media/sf_vms-shared/workspace/libwebsockets-1.3-chrome37-firefox30/object/CMakeFiles/CMakeTmp'
/usr/bin/cmake -E cmake_progress_report /media/sf_vms-shared/workspace/libwebsockets-1.3-chrome37-firefox30/object/CMakeFiles/CMakeTmp/CMakeFiles 1
Building CXX object CMakeFiles/cmTryCompileExec1377179532.dir/CMakeCXXCompilerABI.cpp.o
/usr/bin/c++     -o CMakeFiles/cmTryCompileExec1377179532.dir/CMakeCXXCompilerABI.cpp.o -c /usr/share/cmake-2.8/Modules/CMakeCXXCompilerABI.cpp
Linking CXX executable cmTryCompileExec1377179532
/usr/bin/cmake -E cmake_link_script CMakeFiles/cmTryCompileExec1377179532.dir/link.txt --verbose=1
/usr/bin/c++      -v CMakeFiles/cmTryCompileExec1377179532.dir/CMakeCXXCompilerABI.cpp.o  -o cmTryCompileExec1377179532 -rdynamic  
Using built-in specs.
COLLECT_GCC=/usr/bin/c++
COLLECT_LTO_WRAPPER=/usr/lib/gcc/i686-linux-gnu/4.8/lto-wrapper
Target: i686-linux-gnu
Configured with: ../src/configure -v --with-pkgversion='Ubuntu 4.8.2-19ubuntu1' --with-bugurl=file:///usr/share/doc/gcc-4.8/README.Bugs --enable-languages=c,c++,java,go,d,fortran,objc,obj-c++ --prefix=/usr --program-suffix=-4.8 --enable-shared --enable-linker-build-id --libexecdir=/usr/lib --without-included-gettext --enable-threads=posix --with-gxx-include-dir=/usr/include/c++/4.8 --libdir=/usr/lib --enable-nls --with-sysroot=/ --enable-clocale=gnu --enable-libstdcxx-debug --enable-libstdcxx-time=yes --enable-gnu-unique-object --disable-libmudflap --enable-plugin --with-system-zlib --disable-browser-plugin --enable-java-awt=gtk --enable-gtk-cairo --with-java-home=/usr/lib/jvm/java-1.5.0-gcj-4.8-i386/jre --enable-java-home --with-jvm-root-dir=/usr/lib/jvm/java-1.5.0-gcj-4.8-i386 --with-jvm-jar-dir=/usr/lib/jvm-exports/java-1.5.0-gcj-4.8-i386 --with-arch-directory=i386 --with-ecj-jar=/usr/share/java/eclipse-ecj.jar --enable-objc-gc --enable-targets=all --enable-multiarch --disable-werror --with-arch-32=i686 --with-multilib-list=m32,m64,mx32 --with-tune=generic --enable-checking=release --build=i686-linux-gnu --host=i686-linux-gnu --target=i686-linux-gnu
Thread model: posix
gcc version 4.8.2 (Ubuntu 4.8.2-19ubuntu1) 
COMPILER_PATH=/usr/lib/gcc/i686-linux-gnu/4.8/:/usr/lib/gcc/i686-linux-gnu/4.8/:/usr/lib/gcc/i686-linux-gnu/:/usr/lib/gcc/i686-linux-gnu/4.8/:/usr/lib/gcc/i686-linux-gnu/
LIBRARY_PATH=/usr/lib/gcc/i686-linux-gnu/4.8/:/usr/lib/gcc/i686-linux-gnu/4.8/../../../i386-linux-gnu/:/usr/lib/gcc/i686-linux-gnu/4.8/../../../../lib/:/lib/i386-linux-gnu/:/lib/../lib/:/usr/lib/i386-linux-gnu/:/usr/lib/../lib/:/usr/lib/gcc/i686-linux-gnu/4.8/../../../:/lib/:/usr/lib/
COLLECT_GCC_OPTIONS='-v' '-o' 'cmTryCompileExec1377179532' '-rdynamic' '-shared-libgcc' '-mtune=generic' '-march=i686'
 /usr/lib/gcc/i686-linux-gnu/4.8/collect2 --sysroot=/ --build-id --eh-frame-hdr -m elf_i386 --hash-style=gnu --as-needed -export-dynamic -dynamic-linker /lib/ld-linux.so.2 -z relro -o cmTryCompileExec1377179532 /usr/lib/gcc/i686-linux-gnu/4.8/../../../i386-linux-gnu/crt1.o /usr/lib/gcc/i686-linux-gnu/4.8/../../../i386-linux-gnu/crti.o /usr/lib/gcc/i686-linux-gnu/4.8/crtbegin.o -L/usr/lib/gcc/i686-linux-gnu/4.8 -L/usr/lib/gcc/i686-linux-gnu/4.8/../../../i386-linux-gnu -L/usr/lib/gcc/i686-linux-gnu/4.8/../../../../lib -L/lib/i386-linux-gnu -L/lib/../lib -L/usr/lib/i386-linux-gnu -L/usr/lib/../lib -L/usr/lib/gcc/i686-linux-gnu/4.8/../../.. CMakeFiles/cmTryCompileExec1377179532.dir/CMakeCXXCompilerABI.cpp.o -lstdc++ -lm -lgcc_s -lgcc -lc -lgcc_s -lgcc /usr/lib/gcc/i686-linux-gnu/4.8/crtend.o /usr/lib/gcc/i686-linux-gnu/4.8/../../../i386-linux-gnu/crtn.o
make[1]: Leaving directory `/media/sf_vms-shared/workspace/libwebsockets-1.3-chrome37-firefox30/object/CMakeFiles/CMakeTmp'


Parsed CXX implicit link information from above output:
  link line regex: [^( *|.*[/\])(ld|([^/\]+-)?ld|collect2)[^/\]*( |$)]
  ignore line: [Change Dir: /media/sf_vms-shared/workspace/libwebsockets-1.3-chrome37-firefox30/object/CMakeFiles/CMakeTmp]
  ignore line: []
  ignore line: [Run Build Command:/usr/bin/make "cmTryCompileExec1377179532/fast"]
  ignore line: [/usr/bin/make -f CMakeFiles/cmTryCompileExec1377179532.dir/build.make CMakeFiles/cmTryCompileExec1377179532.dir/build]
  ignore line: [make[1]: Entering directory `/media/sf_vms-shared/workspace/libwebsockets-1.3-chrome37-firefox30/object/CMakeFiles/CMakeTmp']
  ignore line: [/usr/bin/cmake -E cmake_progress_report /media/sf_vms-shared/workspace/libwebsockets-1.3-chrome37-firefox30/object/CMakeFiles/CMakeTmp/CMakeFiles 1]
  ignore line: [Building CXX object CMakeFiles/cmTryCompileExec1377179532.dir/CMakeCXXCompilerABI.cpp.o]
  ignore line: [/usr/bin/c++     -o CMakeFiles/cmTryCompileExec1377179532.dir/CMakeCXXCompilerABI.cpp.o -c /usr/share/cmake-2.8/Modules/CMakeCXXCompilerABI.cpp]
  ignore line: [Linking CXX executable cmTryCompileExec1377179532]
  ignore line: [/usr/bin/cmake -E cmake_link_script CMakeFiles/cmTryCompileExec1377179532.dir/link.txt --verbose=1]
  ignore line: [/usr/bin/c++      -v CMakeFiles/cmTryCompileExec1377179532.dir/CMakeCXXCompilerABI.cpp.o  -o cmTryCompileExec1377179532 -rdynamic  ]
  ignore line: [Using built-in specs.]
  ignore line: [COLLECT_GCC=/usr/bin/c++]
  ignore line: [COLLECT_LTO_WRAPPER=/usr/lib/gcc/i686-linux-gnu/4.8/lto-wrapper]
  ignore line: [Target: i686-linux-gnu]
  ignore line: [Configured with: ../src/configure -v --with-pkgversion='Ubuntu 4.8.2-19ubuntu1' --with-bugurl=file:///usr/share/doc/gcc-4.8/README.Bugs --enable-languages=c,c++,java,go,d,fortran,objc,obj-c++ --prefix=/usr --program-suffix=-4.8 --enable-shared --enable-linker-build-id --libexecdir=/usr/lib --without-included-gettext --enable-threads=posix --with-gxx-include-dir=/usr/include/c++/4.8 --libdir=/usr/lib --enable-nls --with-sysroot=/ --enable-clocale=gnu --enable-libstdcxx-debug --enable-libstdcxx-time=yes --enable-gnu-unique-object --disable-libmudflap --enable-plugin --with-system-zlib --disable-browser-plugin --enable-java-awt=gtk --enable-gtk-cairo --with-java-home=/usr/lib/jvm/java-1.5.0-gcj-4.8-i386/jre --enable-java-home --with-jvm-root-dir=/usr/lib/jvm/java-1.5.0-gcj-4.8-i386 --with-jvm-jar-dir=/usr/lib/jvm-exports/java-1.5.0-gcj-4.8-i386 --with-arch-directory=i386 --with-ecj-jar=/usr/share/java/eclipse-ecj.jar --enable-objc-gc --enable-targets=all --enable-multiarch --disable-werror --with-arch-32=i686 --with-multilib-list=m32,m64,mx32 --with-tune=generic --enable-checking=release --build=i686-linux-gnu --host=i686-linux-gnu --target=i686-linux-gnu]
  ignore line: [Thread model: posix]
  ignore line: [gcc version 4.8.2 (Ubuntu 4.8.2-19ubuntu1) ]
  ignore line: [COMPILER_PATH=/usr/lib/gcc/i686-linux-gnu/4.8/:/usr/lib/gcc/i686-linux-gnu/4.8/:/usr/lib/gcc/i686-linux-gnu/:/usr/lib/gcc/i686-linux-gnu/4.8/:/usr/lib/gcc/i686-linux-gnu/]
  ignore line: [LIBRARY_PATH=/usr/lib/gcc/i686-linux-gnu/4.8/:/usr/lib/gcc/i686-linux-gnu/4.8/../../../i386-linux-gnu/:/usr/lib/gcc/i686-linux-gnu/4.8/../../../../lib/:/lib/i386-linux-gnu/:/lib/../lib/:/usr/lib/i386-linux-gnu/:/usr/lib/../lib/:/usr/lib/gcc/i686-linux-gnu/4.8/../../../:/lib/:/usr/lib/]
  ignore line: [COLLECT_GCC_OPTIONS='-v' '-o' 'cmTryCompileExec1377179532' '-rdynamic' '-shared-libgcc' '-mtune=generic' '-march=i686']
  link line: [ /usr/lib/gcc/i686-linux-gnu/4.8/collect2 --sysroot=/ --build-id --eh-frame-hdr -m elf_i386 --hash-style=gnu --as-needed -export-dynamic -dynamic-linker /lib/ld-linux.so.2 -z relro -o cmTryCompileExec1377179532 /usr/lib/gcc/i686-linux-gnu/4.8/../../../i386-linux-gnu/crt1.o /usr/lib/gcc/i686-linux-gnu/4.8/../../../i386-linux-gnu/crti.o /usr/lib/gcc/i686-linux-gnu/4.8/crtbegin.o -L/usr/lib/gcc/i686-linux-gnu/4.8 -L/usr/lib/gcc/i686-linux-gnu/4.8/../../../i386-linux-gnu -L/usr/lib/gcc/i686-linux-gnu/4.8/../../../../lib -L/lib/i386-linux-gnu -L/lib/../lib -L/usr/lib/i386-linux-gnu -L/usr/lib/../lib -L/usr/lib/gcc/i686-linux-gnu/4.8/../../.. CMakeFiles/cmTryCompileExec1377179532.dir/CMakeCXXCompilerABI.cpp.o -lstdc++ -lm -lgcc_s -lgcc -lc -lgcc_s -lgcc /usr/lib/gcc/i686-linux-gnu/4.8/crtend.o /usr/lib/gcc/i686-linux-gnu/4.8/../../../i386-linux-gnu/crtn.o]
    arg [/usr/lib/gcc/i686-linux-gnu/4.8/collect2] ==> ignore
    arg [--sysroot=/] ==> ignore
    arg [--build-id] ==> ignore
    arg [--eh-frame-hdr] ==> ignore
    arg [-m] ==> ignore
    arg [elf_i386] ==> ignore
    arg [--hash-style=gnu] ==> ignore
    arg [--as-needed] ==> ignore
    arg [-export-dynamic] ==> ignore
    arg [-dynamic-linker] ==> ignore
    arg [/lib/ld-linux.so.2] ==> ignore
    arg [-zrelro] ==> ignore
    arg [-o] ==> ignore
    arg [cmTryCompileExec1377179532] ==> ignore
    arg [/usr/lib/gcc/i686-linux-gnu/4.8/../../../i386-linux-gnu/crt1.o] ==> ignore
    arg [/usr/lib/gcc/i686-linux-gnu/4.8/../../../i386-linux-gnu/crti.o] ==> ignore
    arg [/usr/lib/gcc/i686-linux-gnu/4.8/crtbegin.o] ==> ignore
    arg [-L/usr/lib/gcc/i686-linux-gnu/4.8] ==> dir [/usr/lib/gcc/i686-linux-gnu/4.8]
    arg [-L/usr/lib/gcc/i686-linux-gnu/4.8/../../../i386-linux-gnu] ==> dir [/usr/lib/gcc/i686-linux-gnu/4.8/../../../i386-linux-gnu]
    arg [-L/usr/lib/gcc/i686-linux-gnu/4.8/../../../../lib] ==> dir [/usr/lib/gcc/i686-linux-gnu/4.8/../../../../lib]
    arg [-L/lib/i386-linux-gnu] ==> dir [/lib/i386-linux-gnu]
    arg [-L/lib/../lib] ==> dir [/lib/../lib]
    arg [-L/usr/lib/i386-linux-gnu] ==> dir [/usr/lib/i386-linux-gnu]
    arg [-L/usr/lib/../lib] ==> dir [/usr/lib/../lib]
    arg [-L/usr/lib/gcc/i686-linux-gnu/4.8/../../..] ==> dir [/usr/lib/gcc/i686-linux-gnu/4.8/../../..]
    arg [CMakeFiles/cmTryCompileExec1377179532.dir/CMakeCXXCompilerABI.cpp.o] ==> ignore
    arg [-lstdc++] ==> lib [stdc++]
    arg [-lm] ==> lib [m]
    arg [-lgcc_s] ==> lib [gcc_s]
    arg [-lgcc] ==> lib [gcc]
    arg [-lc] ==> lib [c]
    arg [-lgcc_s] ==> lib [gcc_s]
    arg [-lgcc] ==> lib [gcc]
    arg [/usr/lib/gcc/i686-linux-gnu/4.8/crtend.o] ==> ignore
    arg [/usr/lib/gcc/i686-linux-gnu/4.8/../../../i386-linux-gnu/crtn.o] ==> ignore
  remove lib [gcc_s]
  remove lib [gcc]
  remove lib [gcc_s]
  remove lib [gcc]
  collapse library dir [/usr/lib/gcc/i686-linux-gnu/4.8] ==> [/usr/lib/gcc/i686-linux-gnu/4.8]
  collapse library dir [/usr/lib/gcc/i686-linux-gnu/4.8/../../../i386-linux-gnu] ==> [/usr/lib/i386-linux-gnu]
  collapse library dir [/usr/lib/gcc/i686-linux-gnu/4.8/../../../../lib] ==> [/usr/lib]
  collapse library dir [/lib/i386-linux-gnu] ==> [/lib/i386-linux-gnu]
  collapse library dir [/lib/../lib] ==> [/lib]
  collapse library dir [/usr/lib/i386-linux-gnu] ==> [/usr/lib/i386-linux-gnu]
  collapse library dir [/usr/lib/../lib] ==> [/usr/lib]
  collapse library dir [/usr/lib/gcc/i686-linux-gnu/4.8/../../..] ==> [/usr/lib]
  implicit libs: [stdc++;m;c]
  implicit dirs: [/usr/lib/gcc/i686-linux-gnu/4.8;/usr/lib/i386-linux-gnu;/usr/lib;/lib/i386-linux-gnu;/lib]
  implicit fwks: []


Performing C SOURCE FILE Test HAVE_inline succeded with the following output:
Change Dir: /media/sf_vms-shared/workspace/libwebsockets-1.3-chrome37-firefox30/object/CMakeFiles/CMakeTmp

Run Build Command:/usr/bin/make "cmTryCompileExec3610707525/fast"
/usr/bin/make -f CMakeFiles/cmTryCompileExec3610707525.dir/build.make CMakeFiles/cmTryCompileExec3610707525.dir/build
make[1]: Entering directory `/media/sf_vms-shared/workspace/libwebsockets-1.3-chrome37-firefox30/object/CMakeFiles/CMakeTmp'
/usr/bin/cmake -E cmake_progress_report /media/sf_vms-shared/workspace/libwebsockets-1.3-chrome37-firefox30/object/CMakeFiles/CMakeTmp/CMakeFiles 1
Building C object CMakeFiles/cmTryCompileExec3610707525.dir/src.c.o
/usr/bin/cc  -DKEYWORD=inline -DHAVE_inline   -o CMakeFiles/cmTryCompileExec3610707525.dir/src.c.o   -c /media/sf_vms-shared/workspace/libwebsockets-1.3-chrome37-firefox30/object/CMakeFiles/CMakeTmp/src.c
Linking C executable cmTryCompileExec3610707525
/usr/bin/cmake -E cmake_link_script CMakeFiles/cmTryCompileExec3610707525.dir/link.txt --verbose=1
/usr/bin/cc   -DHAVE_inline    CMakeFiles/cmTryCompileExec3610707525.dir/src.c.o  -o cmTryCompileExec3610707525 -rdynamic 
make[1]: Leaving directory `/media/sf_vms-shared/workspace/libwebsockets-1.3-chrome37-firefox30/object/CMakeFiles/CMakeTmp'

Source file was:

		#include <stdio.h>
		KEYWORD void a() {}
		int main(int argc, char **argv) { a(); return 0; }
		
Performing C SOURCE FILE Test HAVE___inline__ succeded with the following output:
Change Dir: /media/sf_vms-shared/workspace/libwebsockets-1.3-chrome37-firefox30/object/CMakeFiles/CMakeTmp

Run Build Command:/usr/bin/make "cmTryCompileExec2226861874/fast"
/usr/bin/make -f CMakeFiles/cmTryCompileExec2226861874.dir/build.make CMakeFiles/cmTryCompileExec2226861874.dir/build
make[1]: Entering directory `/media/sf_vms-shared/workspace/libwebsockets-1.3-chrome37-firefox30/object/CMakeFiles/CMakeTmp'
/usr/bin/cmake -E cmake_progress_report /media/sf_vms-shared/workspace/libwebsockets-1.3-chrome37-firefox30/object/CMakeFiles/CMakeTmp/CMakeFiles 1
Building C object CMakeFiles/cmTryCompileExec2226861874.dir/src.c.o
/usr/bin/cc  -DKEYWORD=__inline__ -DHAVE___inline__   -o CMakeFiles/cmTryCompileExec2226861874.dir/src.c.o   -c /media/sf_vms-shared/workspace/libwebsockets-1.3-chrome37-firefox30/object/CMakeFiles/CMakeTmp/src.c
Linking C executable cmTryCompileExec2226861874
/usr/bin/cmake -E cmake_link_script CMakeFiles/cmTryCompileExec2226861874.dir/link.txt --verbose=1
/usr/bin/cc   -DHAVE___inline__    CMakeFiles/cmTryCompileExec2226861874.dir/src.c.o  -o cmTryCompileExec2226861874 -rdynamic 
make[1]: Leaving directory `/media/sf_vms-shared/workspace/libwebsockets-1.3-chrome37-firefox30/object/CMakeFiles/CMakeTmp'

Source file was:

		#include <stdio.h>
		KEYWORD void a() {}
		int main(int argc, char **argv) { a(); return 0; }
		
Performing C SOURCE FILE Test HAVE___inline succeded with the following output:
Change Dir: /media/sf_vms-shared/workspace/libwebsockets-1.3-chrome37-firefox30/object/CMakeFiles/CMakeTmp

Run Build Command:/usr/bin/make "cmTryCompileExec3921778495/fast"
/usr/bin/make -f CMakeFiles/cmTryCompileExec3921778495.dir/build.make CMakeFiles/cmTryCompileExec3921778495.dir/build
make[1]: Entering directory `/media/sf_vms-shared/workspace/libwebsockets-1.3-chrome37-firefox30/object/CMakeFiles/CMakeTmp'
/usr/bin/cmake -E cmake_progress_report /media/sf_vms-shared/workspace/libwebsockets-1.3-chrome37-firefox30/object/CMakeFiles/CMakeTmp/CMakeFiles 1
Building C object CMakeFiles/cmTryCompileExec3921778495.dir/src.c.o
/usr/bin/cc  -DKEYWORD=__inline -DHAVE___inline   -o CMakeFiles/cmTryCompileExec3921778495.dir/src.c.o   -c /media/sf_vms-shared/workspace/libwebsockets-1.3-chrome37-firefox30/object/CMakeFiles/CMakeTmp/src.c
Linking C executable cmTryCompileExec3921778495
/usr/bin/cmake -E cmake_link_script CMakeFiles/cmTryCompileExec3921778495.dir/link.txt --verbose=1
/usr/bin/cc   -DHAVE___inline    CMakeFiles/cmTryCompileExec3921778495.dir/src.c.o  -o cmTryCompileExec3921778495 -rdynamic 
make[1]: Leaving directory `/media/sf_vms-shared/workspace/libwebsockets-1.3-chrome37-firefox30/object/CMakeFiles/CMakeTmp'

Source file was:

		#include <stdio.h>
		KEYWORD void a() {}
		int main(int argc, char **argv) { a(); return 0; }
		
Determining if the function bzero exists passed with the following output:
Change Dir: /media/sf_vms-shared/workspace/libwebsockets-1.3-chrome37-firefox30/object/CMakeFiles/CMakeTmp

Run Build Command:/usr/bin/make "cmTryCompileExec3566790605/fast"
/usr/bin/make -f CMakeFiles/cmTryCompileExec3566790605.dir/build.make CMakeFiles/cmTryCompileExec3566790605.dir/build
make[1]: Entering directory `/media/sf_vms-shared/workspace/libwebsockets-1.3-chrome37-firefox30/object/CMakeFiles/CMakeTmp'
/usr/bin/cmake -E cmake_progress_report /media/sf_vms-shared/workspace/libwebsockets-1.3-chrome37-firefox30/object/CMakeFiles/CMakeTmp/CMakeFiles 1
Building C object CMakeFiles/cmTryCompileExec3566790605.dir/CheckFunctionExists.c.o
/usr/bin/cc  -DKEYWORD=__inline -DCHECK_FUNCTION_EXISTS=bzero   -o CMakeFiles/cmTryCompileExec3566790605.dir/CheckFunctionExists.c.o   -c /usr/share/cmake-2.8/Modules/CheckFunctionExists.c
<command-line>:0:23: warning: conflicting types for built-in function ‘bzero’ [enabled by default]
/usr/share/cmake-2.8/Modules/CheckFunctionExists.c:3:6: note: in expansion of macro ‘CHECK_FUNCTION_EXISTS’
 char CHECK_FUNCTION_EXISTS();
      ^
Linking C executable cmTryCompileExec3566790605
/usr/bin/cmake -E cmake_link_script CMakeFiles/cmTryCompileExec3566790605.dir/link.txt --verbose=1
/usr/bin/cc   -DCHECK_FUNCTION_EXISTS=bzero    CMakeFiles/cmTryCompileExec3566790605.dir/CheckFunctionExists.c.o  -o cmTryCompileExec3566790605 -rdynamic 
make[1]: Leaving directory `/media/sf_vms-shared/workspace/libwebsockets-1.3-chrome37-firefox30/object/CMakeFiles/CMakeTmp'


Determining if the function fork exists passed with the following output:
Change Dir: /media/sf_vms-shared/workspace/libwebsockets-1.3-chrome37-firefox30/object/CMakeFiles/CMakeTmp

Run Build Command:/usr/bin/make "cmTryCompileExec1205276065/fast"
/usr/bin/make -f CMakeFiles/cmTryCompileExec1205276065.dir/build.make CMakeFiles/cmTryCompileExec1205276065.dir/build
make[1]: Entering directory `/media/sf_vms-shared/workspace/libwebsockets-1.3-chrome37-firefox30/object/CMakeFiles/CMakeTmp'
/usr/bin/cmake -E cmake_progress_report /media/sf_vms-shared/workspace/libwebsockets-1.3-chrome37-firefox30/object/CMakeFiles/CMakeTmp/CMakeFiles 1
Building C object CMakeFiles/cmTryCompileExec1205276065.dir/CheckFunctionExists.c.o
/usr/bin/cc  -DKEYWORD=__inline -DCHECK_FUNCTION_EXISTS=fork   -o CMakeFiles/cmTryCompileExec1205276065.dir/CheckFunctionExists.c.o   -c /usr/share/cmake-2.8/Modules/CheckFunctionExists.c
<command-line>:0:23: warning: conflicting types for built-in function ‘fork’ [enabled by default]
/usr/share/cmake-2.8/Modules/CheckFunctionExists.c:3:6: note: in expansion of macro ‘CHECK_FUNCTION_EXISTS’
 char CHECK_FUNCTION_EXISTS();
      ^
Linking C executable cmTryCompileExec1205276065
/usr/bin/cmake -E cmake_link_script CMakeFiles/cmTryCompileExec1205276065.dir/link.txt --verbose=1
/usr/bin/cc   -DCHECK_FUNCTION_EXISTS=fork    CMakeFiles/cmTryCompileExec1205276065.dir/CheckFunctionExists.c.o  -o cmTryCompileExec1205276065 -rdynamic 
make[1]: Leaving directory `/media/sf_vms-shared/workspace/libwebsockets-1.3-chrome37-firefox30/object/CMakeFiles/CMakeTmp'


Determining if the function getenv exists passed with the following output:
Change Dir: /media/sf_vms-shared/workspace/libwebsockets-1.3-chrome37-firefox30/object/CMakeFiles/CMakeTmp

Run Build Command:/usr/bin/make "cmTryCompileExec890036797/fast"
/usr/bin/make -f CMakeFiles/cmTryCompileExec890036797.dir/build.make CMakeFiles/cmTryCompileExec890036797.dir/build
make[1]: Entering directory `/media/sf_vms-shared/workspace/libwebsockets-1.3-chrome37-firefox30/object/CMakeFiles/CMakeTmp'
/usr/bin/cmake -E cmake_progress_report /media/sf_vms-shared/workspace/libwebsockets-1.3-chrome37-firefox30/object/CMakeFiles/CMakeTmp/CMakeFiles 1
Building C object CMakeFiles/cmTryCompileExec890036797.dir/CheckFunctionExists.c.o
/usr/bin/cc  -DKEYWORD=__inline -DCHECK_FUNCTION_EXISTS=getenv   -o CMakeFiles/cmTryCompileExec890036797.dir/CheckFunctionExists.c.o   -c /usr/share/cmake-2.8/Modules/CheckFunctionExists.c
Linking C executable cmTryCompileExec890036797
/usr/bin/cmake -E cmake_link_script CMakeFiles/cmTryCompileExec890036797.dir/link.txt --verbose=1
/usr/bin/cc   -DCHECK_FUNCTION_EXISTS=getenv    CMakeFiles/cmTryCompileExec890036797.dir/CheckFunctionExists.c.o  -o cmTryCompileExec890036797 -rdynamic 
make[1]: Leaving directory `/media/sf_vms-shared/workspace/libwebsockets-1.3-chrome37-firefox30/object/CMakeFiles/CMakeTmp'


Determining if the function malloc exists passed with the following output:
Change Dir: /media/sf_vms-shared/workspace/libwebsockets-1.3-chrome37-firefox30/object/CMakeFiles/CMakeTmp

Run Build Command:/usr/bin/make "cmTryCompileExec1736149453/fast"
/usr/bin/make -f CMakeFiles/cmTryCompileExec1736149453.dir/build.make CMakeFiles/cmTryCompileExec1736149453.dir/build
make[1]: Entering directory `/media/sf_vms-shared/workspace/libwebsockets-1.3-chrome37-firefox30/object/CMakeFiles/CMakeTmp'
/usr/bin/cmake -E cmake_progress_report /media/sf_vms-shared/workspace/libwebsockets-1.3-chrome37-firefox30/object/CMakeFiles/CMakeTmp/CMakeFiles 1
Building C object CMakeFiles/cmTryCompileExec1736149453.dir/CheckFunctionExists.c.o
/usr/bin/cc  -DKEYWORD=__inline -DCHECK_FUNCTION_EXISTS=malloc   -o CMakeFiles/cmTryCompileExec1736149453.dir/CheckFunctionExists.c.o   -c /usr/share/cmake-2.8/Modules/CheckFunctionExists.c
<command-line>:0:23: warning: conflicting types for built-in function ‘malloc’ [enabled by default]
/usr/share/cmake-2.8/Modules/CheckFunctionExists.c:3:6: note: in expansion of macro ‘CHECK_FUNCTION_EXISTS’
 char CHECK_FUNCTION_EXISTS();
      ^
Linking C executable cmTryCompileExec1736149453
/usr/bin/cmake -E cmake_link_script CMakeFiles/cmTryCompileExec1736149453.dir/link.txt --verbose=1
/usr/bin/cc   -DCHECK_FUNCTION_EXISTS=malloc    CMakeFiles/cmTryCompileExec1736149453.dir/CheckFunctionExists.c.o  -o cmTryCompileExec1736149453 -rdynamic 
make[1]: Leaving directory `/media/sf_vms-shared/workspace/libwebsockets-1.3-chrome37-firefox30/object/CMakeFiles/CMakeTmp'


Determining if the function memset exists passed with the following output:
Change Dir: /media/sf_vms-shared/workspace/libwebsockets-1.3-chrome37-firefox30/object/CMakeFiles/CMakeTmp

Run Build Command:/usr/bin/make "cmTryCompileExec3274322066/fast"
/usr/bin/make -f CMakeFiles/cmTryCompileExec3274322066.dir/build.make CMakeFiles/cmTryCompileExec3274322066.dir/build
make[1]: Entering directory `/media/sf_vms-shared/workspace/libwebsockets-1.3-chrome37-firefox30/object/CMakeFiles/CMakeTmp'
/usr/bin/cmake -E cmake_progress_report /media/sf_vms-shared/workspace/libwebsockets-1.3-chrome37-firefox30/object/CMakeFiles/CMakeTmp/CMakeFiles 1
Building C object CMakeFiles/cmTryCompileExec3274322066.dir/CheckFunctionExists.c.o
/usr/bin/cc  -DKEYWORD=__inline -DCHECK_FUNCTION_EXISTS=memset   -o CMakeFiles/cmTryCompileExec3274322066.dir/CheckFunctionExists.c.o   -c /usr/share/cmake-2.8/Modules/CheckFunctionExists.c
<command-line>:0:23: warning: conflicting types for built-in function ‘memset’ [enabled by default]
/usr/share/cmake-2.8/Modules/CheckFunctionExists.c:3:6: note: in expansion of macro ‘CHECK_FUNCTION_EXISTS’
 char CHECK_FUNCTION_EXISTS();
      ^
Linking C executable cmTryCompileExec3274322066
/usr/bin/cmake -E cmake_link_script CMakeFiles/cmTryCompileExec3274322066.dir/link.txt --verbose=1
/usr/bin/cc   -DCHECK_FUNCTION_EXISTS=memset    CMakeFiles/cmTryCompileExec3274322066.dir/CheckFunctionExists.c.o  -o cmTryCompileExec3274322066 -rdynamic 
make[1]: Leaving directory `/media/sf_vms-shared/workspace/libwebsockets-1.3-chrome37-firefox30/object/CMakeFiles/CMakeTmp'


Determining if the function realloc exists passed with the following output:
Change Dir: /media/sf_vms-shared/workspace/libwebsockets-1.3-chrome37-firefox30/object/CMakeFiles/CMakeTmp

Run Build Command:/usr/bin/make "cmTryCompileExec1345714249/fast"
/usr/bin/make -f CMakeFiles/cmTryCompileExec1345714249.dir/build.make CMakeFiles/cmTryCompileExec1345714249.dir/build
make[1]: Entering directory `/media/sf_vms-shared/workspace/libwebsockets-1.3-chrome37-firefox30/object/CMakeFiles/CMakeTmp'
/usr/bin/cmake -E cmake_progress_report /media/sf_vms-shared/workspace/libwebsockets-1.3-chrome37-firefox30/object/CMakeFiles/CMakeTmp/CMakeFiles 1
Building C object CMakeFiles/cmTryCompileExec1345714249.dir/CheckFunctionExists.c.o
/usr/bin/cc  -DKEYWORD=__inline -DCHECK_FUNCTION_EXISTS=realloc   -o CMakeFiles/cmTryCompileExec1345714249.dir/CheckFunctionExists.c.o   -c /usr/share/cmake-2.8/Modules/CheckFunctionExists.c
<command-line>:0:23: warning: conflicting types for built-in function ‘realloc’ [enabled by default]
/usr/share/cmake-2.8/Modules/CheckFunctionExists.c:3:6: note: in expansion of macro ‘CHECK_FUNCTION_EXISTS’
 char CHECK_FUNCTION_EXISTS();
      ^
Linking C executable cmTryCompileExec1345714249
/usr/bin/cmake -E cmake_link_script CMakeFiles/cmTryCompileExec1345714249.dir/link.txt --verbose=1
/usr/bin/cc   -DCHECK_FUNCTION_EXISTS=realloc    CMakeFiles/cmTryCompileExec1345714249.dir/CheckFunctionExists.c.o  -o cmTryCompileExec1345714249 -rdynamic 
make[1]: Leaving directory `/media/sf_vms-shared/workspace/libwebsockets-1.3-chrome37-firefox30/object/CMakeFiles/CMakeTmp'


Determining if the function socket exists passed with the following output:
Change Dir: /media/sf_vms-shared/workspace/libwebsockets-1.3-chrome37-firefox30/object/CMakeFiles/CMakeTmp

Run Build Command:/usr/bin/make "cmTryCompileExec277389078/fast"
/usr/bin/make -f CMakeFiles/cmTryCompileExec277389078.dir/build.make CMakeFiles/cmTryCompileExec277389078.dir/build
make[1]: Entering directory `/media/sf_vms-shared/workspace/libwebsockets-1.3-chrome37-firefox30/object/CMakeFiles/CMakeTmp'
/usr/bin/cmake -E cmake_progress_report /media/sf_vms-shared/workspace/libwebsockets-1.3-chrome37-firefox30/object/CMakeFiles/CMakeTmp/CMakeFiles 1
Building C object CMakeFiles/cmTryCompileExec277389078.dir/CheckFunctionExists.c.o
/usr/bin/cc  -DKEYWORD=__inline -DCHECK_FUNCTION_EXISTS=socket   -o CMakeFiles/cmTryCompileExec277389078.dir/CheckFunctionExists.c.o   -c /usr/share/cmake-2.8/Modules/CheckFunctionExists.c
Linking C executable cmTryCompileExec277389078
/usr/bin/cmake -E cmake_link_script CMakeFiles/cmTryCompileExec277389078.dir/link.txt --verbose=1
/usr/bin/cc   -DCHECK_FUNCTION_EXISTS=socket    CMakeFiles/cmTryCompileExec277389078.dir/CheckFunctionExists.c.o  -o cmTryCompileExec277389078 -rdynamic 
make[1]: Leaving directory `/media/sf_vms-shared/workspace/libwebsockets-1.3-chrome37-firefox30/object/CMakeFiles/CMakeTmp'


Determining if the function strerror exists passed with the following output:
Change Dir: /media/sf_vms-shared/workspace/libwebsockets-1.3-chrome37-firefox30/object/CMakeFiles/CMakeTmp

Run Build Command:/usr/bin/make "cmTryCompileExec2418897268/fast"
/usr/bin/make -f CMakeFiles/cmTryCompileExec2418897268.dir/build.make CMakeFiles/cmTryCompileExec2418897268.dir/build
make[1]: Entering directory `/media/sf_vms-shared/workspace/libwebsockets-1.3-chrome37-firefox30/object/CMakeFiles/CMakeTmp'
/usr/bin/cmake -E cmake_progress_report /media/sf_vms-shared/workspace/libwebsockets-1.3-chrome37-firefox30/object/CMakeFiles/CMakeTmp/CMakeFiles 1
Building C object CMakeFiles/cmTryCompileExec2418897268.dir/CheckFunctionExists.c.o
/usr/bin/cc  -DKEYWORD=__inline -DCHECK_FUNCTION_EXISTS=strerror   -o CMakeFiles/cmTryCompileExec2418897268.dir/CheckFunctionExists.c.o   -c /usr/share/cmake-2.8/Modules/CheckFunctionExists.c
Linking C executable cmTryCompileExec2418897268
/usr/bin/cmake -E cmake_link_script CMakeFiles/cmTryCompileExec2418897268.dir/link.txt --verbose=1
/usr/bin/cc   -DCHECK_FUNCTION_EXISTS=strerror    CMakeFiles/cmTryCompileExec2418897268.dir/CheckFunctionExists.c.o  -o cmTryCompileExec2418897268 -rdynamic 
make[1]: Leaving directory `/media/sf_vms-shared/workspace/libwebsockets-1.3-chrome37-firefox30/object/CMakeFiles/CMakeTmp'


Determining if the function vfork exists passed with the following output:
Change Dir: /media/sf_vms-shared/workspace/libwebsockets-1.3-chrome37-firefox30/object/CMakeFiles/CMakeTmp

Run Build Command:/usr/bin/make "cmTryCompileExec3427803853/fast"
/usr/bin/make -f CMakeFiles/cmTryCompileExec3427803853.dir/build.make CMakeFiles/cmTryCompileExec3427803853.dir/build
make[1]: Entering directory `/media/sf_vms-shared/workspace/libwebsockets-1.3-chrome37-firefox30/object/CMakeFiles/CMakeTmp'
/usr/bin/cmake -E cmake_progress_report /media/sf_vms-shared/workspace/libwebsockets-1.3-chrome37-firefox30/object/CMakeFiles/CMakeTmp/CMakeFiles 1
Building C object CMakeFiles/cmTryCompileExec3427803853.dir/CheckFunctionExists.c.o
/usr/bin/cc  -DKEYWORD=__inline -DCHECK_FUNCTION_EXISTS=vfork   -o CMakeFiles/cmTryCompileExec3427803853.dir/CheckFunctionExists.c.o   -c /usr/share/cmake-2.8/Modules/CheckFunctionExists.c
Linking C executable cmTryCompileExec3427803853
/usr/bin/cmake -E cmake_link_script CMakeFiles/cmTryCompileExec3427803853.dir/link.txt --verbose=1
/usr/bin/cc   -DCHECK_FUNCTION_EXISTS=vfork    CMakeFiles/cmTryCompileExec3427803853.dir/CheckFunctionExists.c.o  -o cmTryCompileExec3427803853 -rdynamic 
make[1]: Leaving directory `/media/sf_vms-shared/workspace/libwebsockets-1.3-chrome37-firefox30/object/CMakeFiles/CMakeTmp'


Determining if the function getifaddrs exists passed with the following output:
Change Dir: /media/sf_vms-shared/workspace/libwebsockets-1.3-chrome37-firefox30/object/CMakeFiles/CMakeTmp

Run Build Command:/usr/bin/make "cmTryCompileExec3375410444/fast"
/usr/bin/make -f CMakeFiles/cmTryCompileExec3375410444.dir/build.make CMakeFiles/cmTryCompileExec3375410444.dir/build
make[1]: Entering directory `/media/sf_vms-shared/workspace/libwebsockets-1.3-chrome37-firefox30/object/CMakeFiles/CMakeTmp'
/usr/bin/cmake -E cmake_progress_report /media/sf_vms-shared/workspace/libwebsockets-1.3-chrome37-firefox30/object/CMakeFiles/CMakeTmp/CMakeFiles 1
Building C object CMakeFiles/cmTryCompileExec3375410444.dir/CheckFunctionExists.c.o
/usr/bin/cc  -DKEYWORD=__inline -DCHECK_FUNCTION_EXISTS=getifaddrs   -o CMakeFiles/cmTryCompileExec3375410444.dir/CheckFunctionExists.c.o   -c /usr/share/cmake-2.8/Modules/CheckFunctionExists.c
Linking C executable cmTryCompileExec3375410444
/usr/bin/cmake -E cmake_link_script CMakeFiles/cmTryCompileExec3375410444.dir/link.txt --verbose=1
/usr/bin/cc   -DCHECK_FUNCTION_EXISTS=getifaddrs    CMakeFiles/cmTryCompileExec3375410444.dir/CheckFunctionExists.c.o  -o cmTryCompileExec3375410444 -rdynamic 
make[1]: Leaving directory `/media/sf_vms-shared/workspace/libwebsockets-1.3-chrome37-firefox30/object/CMakeFiles/CMakeTmp'


Determining if the include file dlfcn.h exists passed with the following output:
Change Dir: /media/sf_vms-shared/workspace/libwebsockets-1.3-chrome37-firefox30/object/CMakeFiles/CMakeTmp

Run Build Command:/usr/bin/make "cmTryCompileExec891150894/fast"
/usr/bin/make -f CMakeFiles/cmTryCompileExec891150894.dir/build.make CMakeFiles/cmTryCompileExec891150894.dir/build
make[1]: Entering directory `/media/sf_vms-shared/workspace/libwebsockets-1.3-chrome37-firefox30/object/CMakeFiles/CMakeTmp'
/usr/bin/cmake -E cmake_progress_report /media/sf_vms-shared/workspace/libwebsockets-1.3-chrome37-firefox30/object/CMakeFiles/CMakeTmp/CMakeFiles 1
Building C object CMakeFiles/cmTryCompileExec891150894.dir/CheckIncludeFile.c.o
/usr/bin/cc  -DKEYWORD=__inline  -o CMakeFiles/cmTryCompileExec891150894.dir/CheckIncludeFile.c.o   -c /media/sf_vms-shared/workspace/libwebsockets-1.3-chrome37-firefox30/object/CMakeFiles/CMakeTmp/CheckIncludeFile.c
Linking C executable cmTryCompileExec891150894
/usr/bin/cmake -E cmake_link_script CMakeFiles/cmTryCompileExec891150894.dir/link.txt --verbose=1
/usr/bin/cc       CMakeFiles/cmTryCompileExec891150894.dir/CheckIncludeFile.c.o  -o cmTryCompileExec891150894 -rdynamic 
make[1]: Leaving directory `/media/sf_vms-shared/workspace/libwebsockets-1.3-chrome37-firefox30/object/CMakeFiles/CMakeTmp'


Determining if the include file fcntl.h exists passed with the following output:
Change Dir: /media/sf_vms-shared/workspace/libwebsockets-1.3-chrome37-firefox30/object/CMakeFiles/CMakeTmp

Run Build Command:/usr/bin/make "cmTryCompileExec1409821708/fast"
/usr/bin/make -f CMakeFiles/cmTryCompileExec1409821708.dir/build.make CMakeFiles/cmTryCompileExec1409821708.dir/build
make[1]: Entering directory `/media/sf_vms-shared/workspace/libwebsockets-1.3-chrome37-firefox30/object/CMakeFiles/CMakeTmp'
/usr/bin/cmake -E cmake_progress_report /media/sf_vms-shared/workspace/libwebsockets-1.3-chrome37-firefox30/object/CMakeFiles/CMakeTmp/CMakeFiles 1
Building C object CMakeFiles/cmTryCompileExec1409821708.dir/CheckIncludeFile.c.o
/usr/bin/cc  -DKEYWORD=__inline  -o CMakeFiles/cmTryCompileExec1409821708.dir/CheckIncludeFile.c.o   -c /media/sf_vms-shared/workspace/libwebsockets-1.3-chrome37-firefox30/object/CMakeFiles/CMakeTmp/CheckIncludeFile.c
Linking C executable cmTryCompileExec1409821708
/usr/bin/cmake -E cmake_link_script CMakeFiles/cmTryCompileExec1409821708.dir/link.txt --verbose=1
/usr/bin/cc       CMakeFiles/cmTryCompileExec1409821708.dir/CheckIncludeFile.c.o  -o cmTryCompileExec1409821708 -rdynamic 
make[1]: Leaving directory `/media/sf_vms-shared/workspace/libwebsockets-1.3-chrome37-firefox30/object/CMakeFiles/CMakeTmp'


Determining if the include file inttypes.h exists passed with the following output:
Change Dir: /media/sf_vms-shared/workspace/libwebsockets-1.3-chrome37-firefox30/object/CMakeFiles/CMakeTmp

Run Build Command:/usr/bin/make "cmTryCompileExec4240253782/fast"
/usr/bin/make -f CMakeFiles/cmTryCompileExec4240253782.dir/build.make CMakeFiles/cmTryCompileExec4240253782.dir/build
make[1]: Entering directory `/media/sf_vms-shared/workspace/libwebsockets-1.3-chrome37-firefox30/object/CMakeFiles/CMakeTmp'
/usr/bin/cmake -E cmake_progress_report /media/sf_vms-shared/workspace/libwebsockets-1.3-chrome37-firefox30/object/CMakeFiles/CMakeTmp/CMakeFiles 1
Building C object CMakeFiles/cmTryCompileExec4240253782.dir/CheckIncludeFile.c.o
/usr/bin/cc  -DKEYWORD=__inline  -o CMakeFiles/cmTryCompileExec4240253782.dir/CheckIncludeFile.c.o   -c /media/sf_vms-shared/workspace/libwebsockets-1.3-chrome37-firefox30/object/CMakeFiles/CMakeTmp/CheckIncludeFile.c
Linking C executable cmTryCompileExec4240253782
/usr/bin/cmake -E cmake_link_script CMakeFiles/cmTryCompileExec4240253782.dir/link.txt --verbose=1
/usr/bin/cc       CMakeFiles/cmTryCompileExec4240253782.dir/CheckIncludeFile.c.o  -o cmTryCompileExec4240253782 -rdynamic 
make[1]: Leaving directory `/media/sf_vms-shared/workspace/libwebsockets-1.3-chrome37-firefox30/object/CMakeFiles/CMakeTmp'


Determining if the include file memory.h exists passed with the following output:
Change Dir: /media/sf_vms-shared/workspace/libwebsockets-1.3-chrome37-firefox30/object/CMakeFiles/CMakeTmp

Run Build Command:/usr/bin/make "cmTryCompileExec1242119916/fast"
/usr/bin/make -f CMakeFiles/cmTryCompileExec1242119916.dir/build.make CMakeFiles/cmTryCompileExec1242119916.dir/build
make[1]: Entering directory `/media/sf_vms-shared/workspace/libwebsockets-1.3-chrome37-firefox30/object/CMakeFiles/CMakeTmp'
/usr/bin/cmake -E cmake_progress_report /media/sf_vms-shared/workspace/libwebsockets-1.3-chrome37-firefox30/object/CMakeFiles/CMakeTmp/CMakeFiles 1
Building C object CMakeFiles/cmTryCompileExec1242119916.dir/CheckIncludeFile.c.o
/usr/bin/cc  -DKEYWORD=__inline  -o CMakeFiles/cmTryCompileExec1242119916.dir/CheckIncludeFile.c.o   -c /media/sf_vms-shared/workspace/libwebsockets-1.3-chrome37-firefox30/object/CMakeFiles/CMakeTmp/CheckIncludeFile.c
Linking C executable cmTryCompileExec1242119916
/usr/bin/cmake -E cmake_link_script CMakeFiles/cmTryCompileExec1242119916.dir/link.txt --verbose=1
/usr/bin/cc       CMakeFiles/cmTryCompileExec1242119916.dir/CheckIncludeFile.c.o  -o cmTryCompileExec1242119916 -rdynamic 
make[1]: Leaving directory `/media/sf_vms-shared/workspace/libwebsockets-1.3-chrome37-firefox30/object/CMakeFiles/CMakeTmp'


Determining if the include file netinet/in.h exists passed with the following output:
Change Dir: /media/sf_vms-shared/workspace/libwebsockets-1.3-chrome37-firefox30/object/CMakeFiles/CMakeTmp

Run Build Command:/usr/bin/make "cmTryCompileExec1684343717/fast"
/usr/bin/make -f CMakeFiles/cmTryCompileExec1684343717.dir/build.make CMakeFiles/cmTryCompileExec1684343717.dir/build
make[1]: Entering directory `/media/sf_vms-shared/workspace/libwebsockets-1.3-chrome37-firefox30/object/CMakeFiles/CMakeTmp'
/usr/bin/cmake -E cmake_progress_report /media/sf_vms-shared/workspace/libwebsockets-1.3-chrome37-firefox30/object/CMakeFiles/CMakeTmp/CMakeFiles 1
Building C object CMakeFiles/cmTryCompileExec1684343717.dir/CheckIncludeFile.c.o
/usr/bin/cc  -DKEYWORD=__inline  -o CMakeFiles/cmTryCompileExec1684343717.dir/CheckIncludeFile.c.o   -c /media/sf_vms-shared/workspace/libwebsockets-1.3-chrome37-firefox30/object/CMakeFiles/CMakeTmp/CheckIncludeFile.c
Linking C executable cmTryCompileExec1684343717
/usr/bin/cmake -E cmake_link_script CMakeFiles/cmTryCompileExec1684343717.dir/link.txt --verbose=1
/usr/bin/cc       CMakeFiles/cmTryCompileExec1684343717.dir/CheckIncludeFile.c.o  -o cmTryCompileExec1684343717 -rdynamic 
make[1]: Leaving directory `/media/sf_vms-shared/workspace/libwebsockets-1.3-chrome37-firefox30/object/CMakeFiles/CMakeTmp'


Determining if the include file stdint.h exists passed with the following output:
Change Dir: /media/sf_vms-shared/workspace/libwebsockets-1.3-chrome37-firefox30/object/CMakeFiles/CMakeTmp

Run Build Command:/usr/bin/make "cmTryCompileExec3982847836/fast"
/usr/bin/make -f CMakeFiles/cmTryCompileExec3982847836.dir/build.make CMakeFiles/cmTryCompileExec3982847836.dir/build
make[1]: Entering directory `/media/sf_vms-shared/workspace/libwebsockets-1.3-chrome37-firefox30/object/CMakeFiles/CMakeTmp'
/usr/bin/cmake -E cmake_progress_report /media/sf_vms-shared/workspace/libwebsockets-1.3-chrome37-firefox30/object/CMakeFiles/CMakeTmp/CMakeFiles 1
Building C object CMakeFiles/cmTryCompileExec3982847836.dir/CheckIncludeFile.c.o
/usr/bin/cc  -DKEYWORD=__inline  -o CMakeFiles/cmTryCompileExec3982847836.dir/CheckIncludeFile.c.o   -c /media/sf_vms-shared/workspace/libwebsockets-1.3-chrome37-firefox30/object/CMakeFiles/CMakeTmp/CheckIncludeFile.c
Linking C executable cmTryCompileExec3982847836
/usr/bin/cmake -E cmake_link_script CMakeFiles/cmTryCompileExec3982847836.dir/link.txt --verbose=1
/usr/bin/cc       CMakeFiles/cmTryCompileExec3982847836.dir/CheckIncludeFile.c.o  -o cmTryCompileExec3982847836 -rdynamic 
make[1]: Leaving directory `/media/sf_vms-shared/workspace/libwebsockets-1.3-chrome37-firefox30/object/CMakeFiles/CMakeTmp'


Determining if the include file stdlib.h exists passed with the following output:
Change Dir: /media/sf_vms-shared/workspace/libwebsockets-1.3-chrome37-firefox30/object/CMakeFiles/CMakeTmp

Run Build Command:/usr/bin/make "cmTryCompileExec346140139/fast"
/usr/bin/make -f CMakeFiles/cmTryCompileExec346140139.dir/build.make CMakeFiles/cmTryCompileExec346140139.dir/build
make[1]: Entering directory `/media/sf_vms-shared/workspace/libwebsockets-1.3-chrome37-firefox30/object/CMakeFiles/CMakeTmp'
/usr/bin/cmake -E cmake_progress_report /media/sf_vms-shared/workspace/libwebsockets-1.3-chrome37-firefox30/object/CMakeFiles/CMakeTmp/CMakeFiles 1
Building C object CMakeFiles/cmTryCompileExec346140139.dir/CheckIncludeFile.c.o
/usr/bin/cc  -DKEYWORD=__inline  -o CMakeFiles/cmTryCompileExec346140139.dir/CheckIncludeFile.c.o   -c /media/sf_vms-shared/workspace/libwebsockets-1.3-chrome37-firefox30/object/CMakeFiles/CMakeTmp/CheckIncludeFile.c
Linking C executable cmTryCompileExec346140139
/usr/bin/cmake -E cmake_link_script CMakeFiles/cmTryCompileExec346140139.dir/link.txt --verbose=1
/usr/bin/cc       CMakeFiles/cmTryCompileExec346140139.dir/CheckIncludeFile.c.o  -o cmTryCompileExec346140139 -rdynamic 
make[1]: Leaving directory `/media/sf_vms-shared/workspace/libwebsockets-1.3-chrome37-firefox30/object/CMakeFiles/CMakeTmp'


Determining if the include file strings.h exists passed with the following output:
Change Dir: /media/sf_vms-shared/workspace/libwebsockets-1.3-chrome37-firefox30/object/CMakeFiles/CMakeTmp

Run Build Command:/usr/bin/make "cmTryCompileExec917507566/fast"
/usr/bin/make -f CMakeFiles/cmTryCompileExec917507566.dir/build.make CMakeFiles/cmTryCompileExec917507566.dir/build
make[1]: Entering directory `/media/sf_vms-shared/workspace/libwebsockets-1.3-chrome37-firefox30/object/CMakeFiles/CMakeTmp'
/usr/bin/cmake -E cmake_progress_report /media/sf_vms-shared/workspace/libwebsockets-1.3-chrome37-firefox30/object/CMakeFiles/CMakeTmp/CMakeFiles 1
Building C object CMakeFiles/cmTryCompileExec917507566.dir/CheckIncludeFile.c.o
/usr/bin/cc  -DKEYWORD=__inline  -o CMakeFiles/cmTryCompileExec917507566.dir/CheckIncludeFile.c.o   -c /media/sf_vms-shared/workspace/libwebsockets-1.3-chrome37-firefox30/object/CMakeFiles/CMakeTmp/CheckIncludeFile.c
Linking C executable cmTryCompileExec917507566
/usr/bin/cmake -E cmake_link_script CMakeFiles/cmTryCompileExec917507566.dir/link.txt --verbose=1
/usr/bin/cc       CMakeFiles/cmTryCompileExec917507566.dir/CheckIncludeFile.c.o  -o cmTryCompileExec917507566 -rdynamic 
make[1]: Leaving directory `/media/sf_vms-shared/workspace/libwebsockets-1.3-chrome37-firefox30/object/CMakeFiles/CMakeTmp'


Determining if the include file string.h exists passed with the following output:
Change Dir: /media/sf_vms-shared/workspace/libwebsockets-1.3-chrome37-firefox30/object/CMakeFiles/CMakeTmp

Run Build Command:/usr/bin/make "cmTryCompileExec2915550111/fast"
/usr/bin/make -f CMakeFiles/cmTryCompileExec2915550111.dir/build.make CMakeFiles/cmTryCompileExec2915550111.dir/build
make[1]: Entering directory `/media/sf_vms-shared/workspace/libwebsockets-1.3-chrome37-firefox30/object/CMakeFiles/CMakeTmp'
/usr/bin/cmake -E cmake_progress_report /media/sf_vms-shared/workspace/libwebsockets-1.3-chrome37-firefox30/object/CMakeFiles/CMakeTmp/CMakeFiles 1
Building C object CMakeFiles/cmTryCompileExec2915550111.dir/CheckIncludeFile.c.o
/usr/bin/cc  -DKEYWORD=__inline  -o CMakeFiles/cmTryCompileExec2915550111.dir/CheckIncludeFile.c.o   -c /media/sf_vms-shared/workspace/libwebsockets-1.3-chrome37-firefox30/object/CMakeFiles/CMakeTmp/CheckIncludeFile.c
Linking C executable cmTryCompileExec2915550111
/usr/bin/cmake -E cmake_link_script CMakeFiles/cmTryCompileExec2915550111.dir/link.txt --verbose=1
/usr/bin/cc       CMakeFiles/cmTryCompileExec2915550111.dir/CheckIncludeFile.c.o  -o cmTryCompileExec2915550111 -rdynamic 
make[1]: Leaving directory `/media/sf_vms-shared/workspace/libwebsockets-1.3-chrome37-firefox30/object/CMakeFiles/CMakeTmp'


Determining if the include file sys/prctl.h exists passed with the following output:
Change Dir: /media/sf_vms-shared/workspace/libwebsockets-1.3-chrome37-firefox30/object/CMakeFiles/CMakeTmp

Run Build Command:/usr/bin/make "cmTryCompileExec1262774297/fast"
/usr/bin/make -f CMakeFiles/cmTryCompileExec1262774297.dir/build.make CMakeFiles/cmTryCompileExec1262774297.dir/build
make[1]: Entering directory `/media/sf_vms-shared/workspace/libwebsockets-1.3-chrome37-firefox30/object/CMakeFiles/CMakeTmp'
/usr/bin/cmake -E cmake_progress_report /media/sf_vms-shared/workspace/libwebsockets-1.3-chrome37-firefox30/object/CMakeFiles/CMakeTmp/CMakeFiles 1
Building C object CMakeFiles/cmTryCompileExec1262774297.dir/CheckIncludeFile.c.o
/usr/bin/cc  -DKEYWORD=__inline  -o CMakeFiles/cmTryCompileExec1262774297.dir/CheckIncludeFile.c.o   -c /media/sf_vms-shared/workspace/libwebsockets-1.3-chrome37-firefox30/object/CMakeFiles/CMakeTmp/CheckIncludeFile.c
Linking C executable cmTryCompileExec1262774297
/usr/bin/cmake -E cmake_link_script CMakeFiles/cmTryCompileExec1262774297.dir/link.txt --verbose=1
/usr/bin/cc       CMakeFiles/cmTryCompileExec1262774297.dir/CheckIncludeFile.c.o  -o cmTryCompileExec1262774297 -rdynamic 
make[1]: Leaving directory `/media/sf_vms-shared/workspace/libwebsockets-1.3-chrome37-firefox30/object/CMakeFiles/CMakeTmp'


Determining if the include file sys/socket.h exists passed with the following output:
Change Dir: /media/sf_vms-shared/workspace/libwebsockets-1.3-chrome37-firefox30/object/CMakeFiles/CMakeTmp

Run Build Command:/usr/bin/make "cmTryCompileExec1623191819/fast"
/usr/bin/make -f CMakeFiles/cmTryCompileExec1623191819.dir/build.make CMakeFiles/cmTryCompileExec1623191819.dir/build
make[1]: Entering directory `/media/sf_vms-shared/workspace/libwebsockets-1.3-chrome37-firefox30/object/CMakeFiles/CMakeTmp'
/usr/bin/cmake -E cmake_progress_report /media/sf_vms-shared/workspace/libwebsockets-1.3-chrome37-firefox30/object/CMakeFiles/CMakeTmp/CMakeFiles 1
Building C object CMakeFiles/cmTryCompileExec1623191819.dir/CheckIncludeFile.c.o
/usr/bin/cc  -DKEYWORD=__inline  -o CMakeFiles/cmTryCompileExec1623191819.dir/CheckIncludeFile.c.o   -c /media/sf_vms-shared/workspace/libwebsockets-1.3-chrome37-firefox30/object/CMakeFiles/CMakeTmp/CheckIncludeFile.c
Linking C executable cmTryCompileExec1623191819
/usr/bin/cmake -E cmake_link_script CMakeFiles/cmTryCompileExec1623191819.dir/link.txt --verbose=1
/usr/bin/cc       CMakeFiles/cmTryCompileExec1623191819.dir/CheckIncludeFile.c.o  -o cmTryCompileExec1623191819 -rdynamic 
make[1]: Leaving directory `/media/sf_vms-shared/workspace/libwebsockets-1.3-chrome37-firefox30/object/CMakeFiles/CMakeTmp'


Determining if the include file sys/stat.h exists passed with the following output:
Change Dir: /media/sf_vms-shared/workspace/libwebsockets-1.3-chrome37-firefox30/object/CMakeFiles/CMakeTmp

Run Build Command:/usr/bin/make "cmTryCompileExec1799621502/fast"
/usr/bin/make -f CMakeFiles/cmTryCompileExec1799621502.dir/build.make CMakeFiles/cmTryCompileExec1799621502.dir/build
make[1]: Entering directory `/media/sf_vms-shared/workspace/libwebsockets-1.3-chrome37-firefox30/object/CMakeFiles/CMakeTmp'
/usr/bin/cmake -E cmake_progress_report /media/sf_vms-shared/workspace/libwebsockets-1.3-chrome37-firefox30/object/CMakeFiles/CMakeTmp/CMakeFiles 1
Building C object CMakeFiles/cmTryCompileExec1799621502.dir/CheckIncludeFile.c.o
/usr/bin/cc  -DKEYWORD=__inline  -o CMakeFiles/cmTryCompileExec1799621502.dir/CheckIncludeFile.c.o   -c /media/sf_vms-shared/workspace/libwebsockets-1.3-chrome37-firefox30/object/CMakeFiles/CMakeTmp/CheckIncludeFile.c
Linking C executable cmTryCompileExec1799621502
/usr/bin/cmake -E cmake_link_script CMakeFiles/cmTryCompileExec1799621502.dir/link.txt --verbose=1
/usr/bin/cc       CMakeFiles/cmTryCompileExec1799621502.dir/CheckIncludeFile.c.o  -o cmTryCompileExec1799621502 -rdynamic 
make[1]: Leaving directory `/media/sf_vms-shared/workspace/libwebsockets-1.3-chrome37-firefox30/object/CMakeFiles/CMakeTmp'


Determining if the include file sys/types.h exists passed with the following output:
Change Dir: /media/sf_vms-shared/workspace/libwebsockets-1.3-chrome37-firefox30/object/CMakeFiles/CMakeTmp

Run Build Command:/usr/bin/make "cmTryCompileExec2997298369/fast"
/usr/bin/make -f CMakeFiles/cmTryCompileExec2997298369.dir/build.make CMakeFiles/cmTryCompileExec2997298369.dir/build
make[1]: Entering directory `/media/sf_vms-shared/workspace/libwebsockets-1.3-chrome37-firefox30/object/CMakeFiles/CMakeTmp'
/usr/bin/cmake -E cmake_progress_report /media/sf_vms-shared/workspace/libwebsockets-1.3-chrome37-firefox30/object/CMakeFiles/CMakeTmp/CMakeFiles 1
Building C object CMakeFiles/cmTryCompileExec2997298369.dir/CheckIncludeFile.c.o
/usr/bin/cc  -DKEYWORD=__inline  -o CMakeFiles/cmTryCompileExec2997298369.dir/CheckIncludeFile.c.o   -c /media/sf_vms-shared/workspace/libwebsockets-1.3-chrome37-firefox30/object/CMakeFiles/CMakeTmp/CheckIncludeFile.c
Linking C executable cmTryCompileExec2997298369
/usr/bin/cmake -E cmake_link_script CMakeFiles/cmTryCompileExec2997298369.dir/link.txt --verbose=1
/usr/bin/cc       CMakeFiles/cmTryCompileExec2997298369.dir/CheckIncludeFile.c.o  -o cmTryCompileExec2997298369 -rdynamic 
make[1]: Leaving directory `/media/sf_vms-shared/workspace/libwebsockets-1.3-chrome37-firefox30/object/CMakeFiles/CMakeTmp'


Determining if the include file unistd.h exists passed with the following output:
Change Dir: /media/sf_vms-shared/workspace/libwebsockets-1.3-chrome37-firefox30/object/CMakeFiles/CMakeTmp

Run Build Command:/usr/bin/make "cmTryCompileExec1716463182/fast"
/usr/bin/make -f CMakeFiles/cmTryCompileExec1716463182.dir/build.make CMakeFiles/cmTryCompileExec1716463182.dir/build
make[1]: Entering directory `/media/sf_vms-shared/workspace/libwebsockets-1.3-chrome37-firefox30/object/CMakeFiles/CMakeTmp'
/usr/bin/cmake -E cmake_progress_report /media/sf_vms-shared/workspace/libwebsockets-1.3-chrome37-firefox30/object/CMakeFiles/CMakeTmp/CMakeFiles 1
Building C object CMakeFiles/cmTryCompileExec1716463182.dir/CheckIncludeFile.c.o
/usr/bin/cc  -DKEYWORD=__inline  -o CMakeFiles/cmTryCompileExec1716463182.dir/CheckIncludeFile.c.o   -c /media/sf_vms-shared/workspace/libwebsockets-1.3-chrome37-firefox30/object/CMakeFiles/CMakeTmp/CheckIncludeFile.c
Linking C executable cmTryCompileExec1716463182
/usr/bin/cmake -E cmake_link_script CMakeFiles/cmTryCompileExec1716463182.dir/link.txt --verbose=1
/usr/bin/cc       CMakeFiles/cmTryCompileExec1716463182.dir/CheckIncludeFile.c.o  -o cmTryCompileExec1716463182 -rdynamic 
make[1]: Leaving directory `/media/sf_vms-shared/workspace/libwebsockets-1.3-chrome37-firefox30/object/CMakeFiles/CMakeTmp'


Determining if the include file zlib.h exists passed with the following output:
Change Dir: /media/sf_vms-shared/workspace/libwebsockets-1.3-chrome37-firefox30/object/CMakeFiles/CMakeTmp

Run Build Command:/usr/bin/make "cmTryCompileExec1006277193/fast"
/usr/bin/make -f CMakeFiles/cmTryCompileExec1006277193.dir/build.make CMakeFiles/cmTryCompileExec1006277193.dir/build
make[1]: Entering directory `/media/sf_vms-shared/workspace/libwebsockets-1.3-chrome37-firefox30/object/CMakeFiles/CMakeTmp'
/usr/bin/cmake -E cmake_progress_report /media/sf_vms-shared/workspace/libwebsockets-1.3-chrome37-firefox30/object/CMakeFiles/CMakeTmp/CMakeFiles 1
Building C object CMakeFiles/cmTryCompileExec1006277193.dir/CheckIncludeFile.c.o
/usr/bin/cc  -DKEYWORD=__inline  -o CMakeFiles/cmTryCompileExec1006277193.dir/CheckIncludeFile.c.o   -c /media/sf_vms-shared/workspace/libwebsockets-1.3-chrome37-firefox30/object/CMakeFiles/CMakeTmp/CheckIncludeFile.c
Linking C executable cmTryCompileExec1006277193
/usr/bin/cmake -E cmake_link_script CMakeFiles/cmTryCompileExec1006277193.dir/link.txt --verbose=1
/usr/bin/cc       CMakeFiles/cmTryCompileExec1006277193.dir/CheckIncludeFile.c.o  -o cmTryCompileExec1006277193 -rdynamic 
make[1]: Leaving directory `/media/sf_vms-shared/workspace/libwebsockets-1.3-chrome37-firefox30/object/CMakeFiles/CMakeTmp'


Determining if files stdlib.h;stdarg.h;string.h;float.h exist passed with the following output:
Change Dir: /media/sf_vms-shared/workspace/libwebsockets-1.3-chrome37-firefox30/object/CMakeFiles/CMakeTmp

Run Build Command:/usr/bin/make "cmTryCompileExec1849919006/fast"
/usr/bin/make -f CMakeFiles/cmTryCompileExec1849919006.dir/build.make CMakeFiles/cmTryCompileExec1849919006.dir/build
make[1]: Entering directory `/media/sf_vms-shared/workspace/libwebsockets-1.3-chrome37-firefox30/object/CMakeFiles/CMakeTmp'
/usr/bin/cmake -E cmake_progress_report /media/sf_vms-shared/workspace/libwebsockets-1.3-chrome37-firefox30/object/CMakeFiles/CMakeTmp/CMakeFiles 1
Building C object CMakeFiles/cmTryCompileExec1849919006.dir/CheckIncludeFiles.c.o
/usr/bin/cc  -DKEYWORD=__inline  -o CMakeFiles/cmTryCompileExec1849919006.dir/CheckIncludeFiles.c.o   -c /media/sf_vms-shared/workspace/libwebsockets-1.3-chrome37-firefox30/object/CMakeFiles/CMakeTmp/CheckIncludeFiles.c
Linking C executable cmTryCompileExec1849919006
/usr/bin/cmake -E cmake_link_script CMakeFiles/cmTryCompileExec1849919006.dir/link.txt --verbose=1
/usr/bin/cc       CMakeFiles/cmTryCompileExec1849919006.dir/CheckIncludeFiles.c.o  -o cmTryCompileExec1849919006 -rdynamic 
make[1]: Leaving directory `/media/sf_vms-shared/workspace/libwebsockets-1.3-chrome37-firefox30/object/CMakeFiles/CMakeTmp'


Determining if the include file stddef.h exists passed with the following output:
Change Dir: /media/sf_vms-shared/workspace/libwebsockets-1.3-chrome37-firefox30/object/CMakeFiles/CMakeTmp

Run Build Command:/usr/bin/make "cmTryCompileExec1839160010/fast"
/usr/bin/make -f CMakeFiles/cmTryCompileExec1839160010.dir/build.make CMakeFiles/cmTryCompileExec1839160010.dir/build
make[1]: Entering directory `/media/sf_vms-shared/workspace/libwebsockets-1.3-chrome37-firefox30/object/CMakeFiles/CMakeTmp'
/usr/bin/cmake -E cmake_progress_report /media/sf_vms-shared/workspace/libwebsockets-1.3-chrome37-firefox30/object/CMakeFiles/CMakeTmp/CMakeFiles 1
Building C object CMakeFiles/cmTryCompileExec1839160010.dir/CheckIncludeFile.c.o
/usr/bin/cc  -DKEYWORD=__inline  -o CMakeFiles/cmTryCompileExec1839160010.dir/CheckIncludeFile.c.o   -c /media/sf_vms-shared/workspace/libwebsockets-1.3-chrome37-firefox30/object/CMakeFiles/CMakeTmp/CheckIncludeFile.c
Linking C executable cmTryCompileExec1839160010
/usr/bin/cmake -E cmake_link_script CMakeFiles/cmTryCompileExec1839160010.dir/link.txt --verbose=1
/usr/bin/cc       CMakeFiles/cmTryCompileExec1839160010.dir/CheckIncludeFile.c.o  -o cmTryCompileExec1839160010 -rdynamic 
make[1]: Leaving directory `/media/sf_vms-shared/workspace/libwebsockets-1.3-chrome37-firefox30/object/CMakeFiles/CMakeTmp'


Determining size of pid_t passed with the following output:
Change Dir: /media/sf_vms-shared/workspace/libwebsockets-1.3-chrome37-firefox30/object/CMakeFiles/CMakeTmp

Run Build Command:/usr/bin/make "cmTryCompileExec1672666291/fast"
/usr/bin/make -f CMakeFiles/cmTryCompileExec1672666291.dir/build.make CMakeFiles/cmTryCompileExec1672666291.dir/build
make[1]: Entering directory `/media/sf_vms-shared/workspace/libwebsockets-1.3-chrome37-firefox30/object/CMakeFiles/CMakeTmp'
/usr/bin/cmake -E cmake_progress_report /media/sf_vms-shared/workspace/libwebsockets-1.3-chrome37-firefox30/object/CMakeFiles/CMakeTmp/CMakeFiles 1
Building C object CMakeFiles/cmTryCompileExec1672666291.dir/PID_T_SIZE.c.o
/usr/bin/cc  -DKEYWORD=__inline  -o CMakeFiles/cmTryCompileExec1672666291.dir/PID_T_SIZE.c.o   -c /media/sf_vms-shared/workspace/libwebsockets-1.3-chrome37-firefox30/object/CMakeFiles/CheckTypeSize/PID_T_SIZE.c
Linking C executable cmTryCompileExec1672666291
/usr/bin/cmake -E cmake_link_script CMakeFiles/cmTryCompileExec1672666291.dir/link.txt --verbose=1
/usr/bin/cc       CMakeFiles/cmTryCompileExec1672666291.dir/PID_T_SIZE.c.o  -o cmTryCompileExec1672666291 -rdynamic 
make[1]: Leaving directory `/media/sf_vms-shared/workspace/libwebsockets-1.3-chrome37-firefox30/object/CMakeFiles/CMakeTmp'


Determining size of size_t passed with the following output:
Change Dir: /media/sf_vms-shared/workspace/libwebsockets-1.3-chrome37-firefox30/object/CMakeFiles/CMakeTmp

Run Build Command:/usr/bin/make "cmTryCompileExec2404392321/fast"
/usr/bin/make -f CMakeFiles/cmTryCompileExec2404392321.dir/build.make CMakeFiles/cmTryCompileExec2404392321.dir/build
make[1]: Entering directory `/media/sf_vms-shared/workspace/libwebsockets-1.3-chrome37-firefox30/object/CMakeFiles/CMakeTmp'
/usr/bin/cmake -E cmake_progress_report /media/sf_vms-shared/workspace/libwebsockets-1.3-chrome37-firefox30/object/CMakeFiles/CMakeTmp/CMakeFiles 1
Building C object CMakeFiles/cmTryCompileExec2404392321.dir/SIZE_T_SIZE.c.o
/usr/bin/cc  -DKEYWORD=__inline  -o CMakeFiles/cmTryCompileExec2404392321.dir/SIZE_T_SIZE.c.o   -c /media/sf_vms-shared/workspace/libwebsockets-1.3-chrome37-firefox30/object/CMakeFiles/CheckTypeSize/SIZE_T_SIZE.c
Linking C executable cmTryCompileExec2404392321
/usr/bin/cmake -E cmake_link_script CMakeFiles/cmTryCompileExec2404392321.dir/link.txt --verbose=1
/usr/bin/cc       CMakeFiles/cmTryCompileExec2404392321.dir/SIZE_T_SIZE.c.o  -o cmTryCompileExec2404392321 -rdynamic 
make[1]: Leaving directory `/media/sf_vms-shared/workspace/libwebsockets-1.3-chrome37-firefox30/object/CMakeFiles/CMakeTmp'


